<?xml version="1.0" encoding="UTF-8"?>
<testsuite name="hh.com.uriharu.UriharuApplicationTests" tests="1" skipped="0" failures="0" errors="0" timestamp="2022-07-05T11:30:00" hostname="HEOJIWONui-MacBookAir.local" time="0.113">
  <properties/>
  <testcase name="contextLoads()" classname="hh.com.uriharu.UriharuApplicationTests" time="0.113"/>
  <system-out><![CDATA[20:29:49.397 [Test worker] DEBUG org.springframework.test.context.BootstrapUtils - Instantiating CacheAwareContextLoaderDelegate from class [org.springframework.test.context.cache.DefaultCacheAwareContextLoaderDelegate]
20:29:49.412 [Test worker] DEBUG org.springframework.test.context.BootstrapUtils - Instantiating BootstrapContext using constructor [public org.springframework.test.context.support.DefaultBootstrapContext(java.lang.Class,org.springframework.test.context.CacheAwareContextLoaderDelegate)]
20:29:49.452 [Test worker] DEBUG org.springframework.test.context.BootstrapUtils - Instantiating TestContextBootstrapper for test class [hh.com.uriharu.UriharuApplicationTests] from class [org.springframework.boot.test.context.SpringBootTestContextBootstrapper]
20:29:49.463 [Test worker] INFO org.springframework.boot.test.context.SpringBootTestContextBootstrapper - Neither @ContextConfiguration nor @ContextHierarchy found for test class [hh.com.uriharu.UriharuApplicationTests], using SpringBootContextLoader
20:29:49.468 [Test worker] DEBUG org.springframework.test.context.support.AbstractContextLoader - Did not detect default resource location for test class [hh.com.uriharu.UriharuApplicationTests]: class path resource [hh/com/uriharu/UriharuApplicationTests-context.xml] does not exist
20:29:49.468 [Test worker] DEBUG org.springframework.test.context.support.AbstractContextLoader - Did not detect default resource location for test class [hh.com.uriharu.UriharuApplicationTests]: class path resource [hh/com/uriharu/UriharuApplicationTestsContext.groovy] does not exist
20:29:49.469 [Test worker] INFO org.springframework.test.context.support.AbstractContextLoader - Could not detect default resource locations for test class [hh.com.uriharu.UriharuApplicationTests]: no resource found for suffixes {-context.xml, Context.groovy}.
20:29:49.470 [Test worker] INFO org.springframework.test.context.support.AnnotationConfigContextLoaderUtils - Could not detect default configuration classes for test class [hh.com.uriharu.UriharuApplicationTests]: UriharuApplicationTests does not declare any static, non-private, non-final, nested classes annotated with @Configuration.
20:29:49.514 [Test worker] DEBUG org.springframework.test.context.support.ActiveProfilesUtils - Could not find an 'annotation declaring class' for annotation type [org.springframework.test.context.ActiveProfiles] and class [hh.com.uriharu.UriharuApplicationTests]
20:29:49.581 [Test worker] DEBUG org.springframework.context.annotation.ClassPathScanningCandidateComponentProvider - Identified candidate component class: file [/Users/heo/uriharu-deploy/uriharu-backend/build/classes/java/main/hh/com/uriharu/UriharuApplication.class]
20:29:49.582 [Test worker] INFO org.springframework.boot.test.context.SpringBootTestContextBootstrapper - Found @SpringBootConfiguration hh.com.uriharu.UriharuApplication for test class hh.com.uriharu.UriharuApplicationTests
20:29:49.716 [Test worker] DEBUG org.springframework.boot.test.context.SpringBootTestContextBootstrapper - @TestExecutionListeners is not present for class [hh.com.uriharu.UriharuApplicationTests]: using defaults.
20:29:49.716 [Test worker] INFO org.springframework.boot.test.context.SpringBootTestContextBootstrapper - Loaded default TestExecutionListener class names from location [META-INF/spring.factories]: [org.springframework.security.test.context.support.WithSecurityContextTestExecutionListener, org.springframework.security.test.context.support.ReactorContextTestExecutionListener, org.springframework.boot.test.autoconfigure.restdocs.RestDocsTestExecutionListener, org.springframework.boot.test.autoconfigure.web.client.MockRestServiceServerResetTestExecutionListener, org.springframework.boot.test.autoconfigure.web.servlet.MockMvcPrintOnlyOnFailureTestExecutionListener, org.springframework.boot.test.autoconfigure.web.servlet.WebDriverTestExecutionListener, org.springframework.boot.test.autoconfigure.webservices.client.MockWebServiceServerTestExecutionListener, org.springframework.boot.test.mock.mockito.MockitoTestExecutionListener, org.springframework.boot.test.mock.mockito.ResetMocksTestExecutionListener, org.springframework.test.context.web.ServletTestExecutionListener, org.springframework.test.context.support.DirtiesContextBeforeModesTestExecutionListener, org.springframework.test.context.event.ApplicationEventsTestExecutionListener, org.springframework.test.context.support.DependencyInjectionTestExecutionListener, org.springframework.test.context.support.DirtiesContextTestExecutionListener, org.springframework.test.context.transaction.TransactionalTestExecutionListener, org.springframework.test.context.jdbc.SqlScriptsTestExecutionListener, org.springframework.test.context.event.EventPublishingTestExecutionListener]
20:29:49.738 [Test worker] INFO org.springframework.boot.test.context.SpringBootTestContextBootstrapper - Using TestExecutionListeners: [org.springframework.test.context.web.ServletTestExecutionListener@7544a1e4, org.springframework.test.context.support.DirtiesContextBeforeModesTestExecutionListener@70e0accd, org.springframework.test.context.event.ApplicationEventsTestExecutionListener@7957dc72, org.springframework.boot.test.mock.mockito.MockitoTestExecutionListener@6ab72419, org.springframework.boot.test.autoconfigure.SpringBootDependencyInjectionTestExecutionListener@3aacf32a, org.springframework.test.context.support.DirtiesContextTestExecutionListener@4fdfa676, org.springframework.test.context.transaction.TransactionalTestExecutionListener@82c57b3, org.springframework.test.context.jdbc.SqlScriptsTestExecutionListener@5be82d43, org.springframework.security.test.context.support.WithSecurityContextTestExecutionListener@600b0b7, org.springframework.test.context.event.EventPublishingTestExecutionListener@345e5a17, org.springframework.security.test.context.support.ReactorContextTestExecutionListener@5ea502e0, org.springframework.boot.test.autoconfigure.restdocs.RestDocsTestExecutionListener@443dbe42, org.springframework.boot.test.autoconfigure.web.client.MockRestServiceServerResetTestExecutionListener@473b3b7a, org.springframework.boot.test.autoconfigure.web.servlet.MockMvcPrintOnlyOnFailureTestExecutionListener@1734f68, org.springframework.boot.test.autoconfigure.web.servlet.WebDriverTestExecutionListener@77b7ffa4, org.springframework.boot.test.autoconfigure.webservices.client.MockWebServiceServerTestExecutionListener@5ed190be, org.springframework.boot.test.mock.mockito.ResetMocksTestExecutionListener@402f80f5]
20:29:49.741 [Test worker] DEBUG org.springframework.test.context.support.AbstractDirtiesContextTestExecutionListener - Before test class: context [DefaultTestContext@c41709a testClass = UriharuApplicationTests, testInstance = [null], testMethod = [null], testException = [null], mergedContextConfiguration = [WebMergedContextConfiguration@7db0565c testClass = UriharuApplicationTests, locations = '{}', classes = '{class hh.com.uriharu.UriharuApplication}', contextInitializerClasses = '[]', activeProfiles = '{}', propertySourceLocations = '{}', propertySourceProperties = '{org.springframework.boot.test.context.SpringBootTestContextBootstrapper=true}', contextCustomizers = set[org.springframework.boot.test.autoconfigure.actuate.metrics.MetricsExportContextCustomizerFactory$DisableMetricExportContextCustomizer@3c989952, org.springframework.boot.test.autoconfigure.properties.PropertyMappingContextCustomizer@0, org.springframework.boot.test.autoconfigure.web.servlet.WebDriverContextCustomizerFactory$Customizer@3381b4fc, org.springframework.boot.test.context.filter.ExcludeFilterContextCustomizer@5b1f29fa, org.springframework.boot.test.json.DuplicateJsonObjectContextCustomizerFactory$DuplicateJsonObjectContextCustomizer@a4ca3f6, org.springframework.boot.test.mock.mockito.MockitoContextCustomizer@0, org.springframework.boot.test.web.client.TestRestTemplateContextCustomizer@20f12539, org.springframework.boot.test.context.SpringBootTestArgs@1, org.springframework.boot.test.context.SpringBootTestWebEnvironment@2235eaab], resourceBasePath = 'src/main/webapp', contextLoader = 'org.springframework.boot.test.context.SpringBootContextLoader', parent = [null]], attributes = map['org.springframework.test.context.web.ServletTestExecutionListener.activateListener' -> true]], class annotated with @DirtiesContext [false] with mode [null].

  .   ____          _            __ _ _
 /\\ / ___'_ __ _ _(_)_ __  __ _ \ \ \ \
( ( )\___ | '_ | '_| | '_ \/ _` | \ \ \ \
 \\/  ___)| |_)| | | | | || (_| |  ) ) ) )
  '  |____| .__|_| |_|_| |_\__, | / / / /
 =========|_|==============|___/=/_/_/_/
 :: Spring Boot ::                (v2.7.0)

2022-07-05 20:29:50.339  INFO 92260 --- [    Test worker] hh.com.uriharu.UriharuApplicationTests   : Starting UriharuApplicationTests using Java 11.0.13 on HEOJIWONui-MacBookAir.local with PID 92260 (started by heo in /Users/heo/uriharu-deploy/uriharu-backend)
2022-07-05 20:29:50.344  INFO 92260 --- [    Test worker] hh.com.uriharu.UriharuApplicationTests   : No active profile set, falling back to 1 default profile: "default"
2022-07-05 20:29:51.261  INFO 92260 --- [    Test worker] .s.d.r.c.RepositoryConfigurationDelegate : Bootstrapping Spring Data JPA repositories in DEFAULT mode.
2022-07-05 20:29:51.336  INFO 92260 --- [    Test worker] .s.d.r.c.RepositoryConfigurationDelegate : Finished Spring Data repository scanning in 49 ms. Found 2 JPA repository interfaces.
2022-07-05 20:29:52.098  INFO 92260 --- [    Test worker] o.hibernate.jpa.internal.util.LogHelper  : HHH000204: Processing PersistenceUnitInfo [name: default]
2022-07-05 20:29:52.152  INFO 92260 --- [    Test worker] org.hibernate.Version                    : HHH000412: Hibernate ORM core version 5.6.9.Final
2022-07-05 20:29:52.358  INFO 92260 --- [    Test worker] o.hibernate.annotations.common.Version   : HCANN000001: Hibernate Commons Annotations {5.1.2.Final}
2022-07-05 20:29:52.464  INFO 92260 --- [    Test worker] com.zaxxer.hikari.HikariDataSource       : HikariPool-1 - Starting...
2022-07-05 20:29:55.089  INFO 92260 --- [    Test worker] com.zaxxer.hikari.HikariDataSource       : HikariPool-1 - Start completed.
2022-07-05 20:29:55.124  INFO 92260 --- [    Test worker] org.hibernate.dialect.Dialect            : HHH000400: Using dialect: org.hibernate.dialect.PostgreSQLDialect
2022-07-05 20:29:56.331  WARN 92260 --- [    Test worker] org.hibernate.id.UUIDHexGenerator        : HHH000409: Using org.hibernate.id.UUIDHexGenerator which does not generate IETF RFC 4122 compliant UUID values; consider using org.hibernate.id.UUIDGenerator instead
2022-07-05 20:29:58.476  INFO 92260 --- [    Test worker] o.h.e.t.j.p.i.JtaPlatformInitiator       : HHH000490: Using JtaPlatform implementation: [org.hibernate.engine.transaction.jta.platform.internal.NoJtaPlatform]
2022-07-05 20:29:58.490  INFO 92260 --- [    Test worker] j.LocalContainerEntityManagerFactoryBean : Initialized JPA EntityManagerFactory for persistence unit 'default'
2022-07-05 20:29:59.385  WARN 92260 --- [    Test worker] .s.s.UserDetailsServiceAutoConfiguration : 

Using generated security password: b0005dfa-5e12-41cc-81d5-88815f04346d

This generated password is for development use only. Your security configuration must be updated before running your application in production.

2022-07-05 20:29:59.960  INFO 92260 --- [    Test worker] o.s.s.web.DefaultSecurityFilterChain     : Will secure any request with [org.springframework.security.web.session.DisableEncodeUrlFilter@7712df76, org.springframework.security.web.context.request.async.WebAsyncManagerIntegrationFilter@e98adb2, org.springframework.security.web.context.SecurityContextPersistenceFilter@1c571162, org.springframework.security.web.header.HeaderWriterFilter@173b24c4, org.springframework.web.filter.CorsFilter@2c3d0ff8, hh.com.uriharu.security.JwtAuthenticationFilter@571c2ed8, org.springframework.security.web.authentication.logout.LogoutFilter@1c09bb7a, org.springframework.security.web.savedrequest.RequestCacheAwareFilter@51d9479c, org.springframework.security.web.servletapi.SecurityContextHolderAwareRequestFilter@7a22302c, org.springframework.security.web.authentication.AnonymousAuthenticationFilter@1cb73a92, org.springframework.security.web.session.SessionManagementFilter@2cfd9b0a, org.springframework.security.web.access.ExceptionTranslationFilter@7612f385, org.springframework.security.web.access.intercept.FilterSecurityInterceptor@5608e254]
2022-07-05 20:30:00.480  INFO 92260 --- [    Test worker] hh.com.uriharu.UriharuApplicationTests   : Started UriharuApplicationTests in 10.657 seconds (JVM running for 12.239)
]]></system-out>
  <system-err><![CDATA[]]></system-err>
</testsuite>
